[2025-02-15T12:40:05.262+0000] {manager.py:483} INFO - Processing files using up to 2 processes at a time 
[2025-02-15T12:40:05.264+0000] {manager.py:484} INFO - Process each file at most once every 30 seconds
[2025-02-15T12:40:05.266+0000] {manager.py:485} INFO - Checking for new files in /opt/airflow/dags every 300 seconds
[2025-02-15T12:40:05.267+0000] {manager.py:821} INFO - Searching for files in /opt/airflow/dags
[2025-02-15T12:40:05.280+0000] {manager.py:824} INFO - There are 0 files in /opt/airflow/dags
[2025-02-15T12:45:06.194+0000] {manager.py:821} INFO - Searching for files in /opt/airflow/dags
[2025-02-15T12:45:06.204+0000] {manager.py:824} INFO - There are 0 files in /opt/airflow/dags
[2025-02-15T12:50:07.741+0000] {manager.py:821} INFO - Searching for files in /opt/airflow/dags
[2025-02-15T12:50:07.761+0000] {manager.py:824} INFO - There are 0 files in /opt/airflow/dags
[2025-02-15T12:55:08.142+0000] {manager.py:821} INFO - Searching for files in /opt/airflow/dags
[2025-02-15T12:55:08.151+0000] {manager.py:824} INFO - There are 0 files in /opt/airflow/dags
[2025-02-15T13:00:09.120+0000] {manager.py:821} INFO - Searching for files in /opt/airflow/dags
[2025-02-15T13:00:09.130+0000] {manager.py:824} INFO - There are 0 files in /opt/airflow/dags
[2025-02-15T13:05:09.756+0000] {manager.py:821} INFO - Searching for files in /opt/airflow/dags
[2025-02-15T13:05:09.775+0000] {manager.py:824} INFO - There are 0 files in /opt/airflow/dags
[2025-02-15T13:09:03.212+0000] {manager.py:465} INFO - Exiting gracefully upon receiving signal 15
[2025-02-15T13:09:29.092+0000] {manager.py:483} INFO - Processing files using up to 2 processes at a time 
[2025-02-15T13:09:29.095+0000] {manager.py:484} INFO - Process each file at most once every 30 seconds
[2025-02-15T13:09:29.097+0000] {manager.py:485} INFO - Checking for new files in /opt/airflow/dags every 300 seconds
[2025-02-15T13:09:29.100+0000] {manager.py:821} INFO - Searching for files in /opt/airflow/dags
[2025-02-15T13:09:29.119+0000] {manager.py:824} INFO - There are 0 files in /opt/airflow/dags
[2025-02-15T13:14:29.372+0000] {manager.py:821} INFO - Searching for files in /opt/airflow/dags
[2025-02-15T13:14:29.389+0000] {manager.py:824} INFO - There are 0 files in /opt/airflow/dags
[2025-02-15T13:19:30.062+0000] {manager.py:821} INFO - Searching for files in /opt/airflow/dags
[2025-02-15T13:19:30.075+0000] {manager.py:824} INFO - There are 0 files in /opt/airflow/dags
[2025-02-15T16:50:27.290+0000] {manager.py:821} INFO - Searching for files in /opt/airflow/dags
[2025-02-15T16:50:27.299+0000] {manager.py:824} INFO - There are 0 files in /opt/airflow/dags
[2025-02-15T16:55:27.663+0000] {manager.py:821} INFO - Searching for files in /opt/airflow/dags
[2025-02-15T16:55:27.767+0000] {manager.py:824} INFO - There are 0 files in /opt/airflow/dags
[2025-02-15T17:00:28.412+0000] {manager.py:821} INFO - Searching for files in /opt/airflow/dags
[2025-02-15T17:00:28.426+0000] {manager.py:824} INFO - There are 0 files in /opt/airflow/dags
[2025-02-15T17:05:28.525+0000] {manager.py:821} INFO - Searching for files in /opt/airflow/dags
[2025-02-15T17:05:28.541+0000] {manager.py:824} INFO - There are 0 files in /opt/airflow/dags
[2025-02-15T17:10:28.599+0000] {manager.py:821} INFO - Searching for files in /opt/airflow/dags
[2025-02-15T17:10:28.614+0000] {manager.py:824} INFO - There are 0 files in /opt/airflow/dags
[2025-02-15T17:15:29.274+0000] {manager.py:821} INFO - Searching for files in /opt/airflow/dags
[2025-02-15T17:15:29.291+0000] {manager.py:824} INFO - There are 0 files in /opt/airflow/dags
[2025-02-15T17:20:29.278+0000] {manager.py:821} INFO - Searching for files in /opt/airflow/dags
[2025-02-15T17:20:29.295+0000] {manager.py:824} INFO - There are 0 files in /opt/airflow/dags
[2025-02-15T17:25:30.081+0000] {manager.py:821} INFO - Searching for files in /opt/airflow/dags
[2025-02-15T17:25:30.096+0000] {manager.py:824} INFO - There are 0 files in /opt/airflow/dags
[2025-02-15T17:30:30.427+0000] {manager.py:821} INFO - Searching for files in /opt/airflow/dags
[2025-02-15T17:30:30.452+0000] {manager.py:824} INFO - There are 0 files in /opt/airflow/dags
[2025-02-15T17:35:31.009+0000] {manager.py:821} INFO - Searching for files in /opt/airflow/dags
[2025-02-15T17:35:31.029+0000] {manager.py:824} INFO - There are 0 files in /opt/airflow/dags
[2025-02-15T17:40:31.054+0000] {manager.py:821} INFO - Searching for files in /opt/airflow/dags
[2025-02-15T17:40:31.081+0000] {manager.py:824} INFO - There are 0 files in /opt/airflow/dags
[2025-02-15T17:45:31.967+0000] {manager.py:821} INFO - Searching for files in /opt/airflow/dags
[2025-02-15T17:45:31.986+0000] {manager.py:824} INFO - There are 0 files in /opt/airflow/dags
[2025-02-15T17:50:32.105+0000] {manager.py:821} INFO - Searching for files in /opt/airflow/dags
[2025-02-15T17:50:32.118+0000] {manager.py:824} INFO - There are 0 files in /opt/airflow/dags
[2025-02-15T17:55:33.486+0000] {manager.py:821} INFO - Searching for files in /opt/airflow/dags
[2025-02-15T17:55:33.515+0000] {manager.py:824} INFO - There are 0 files in /opt/airflow/dags
[2025-02-15T18:00:33.913+0000] {manager.py:821} INFO - Searching for files in /opt/airflow/dags
[2025-02-15T18:00:33.925+0000] {manager.py:824} INFO - There are 0 files in /opt/airflow/dags
[2025-02-15T18:05:34.564+0000] {manager.py:821} INFO - Searching for files in /opt/airflow/dags
[2025-02-15T18:05:34.587+0000] {manager.py:824} INFO - There are 0 files in /opt/airflow/dags
[2025-02-15T18:10:35.491+0000] {manager.py:821} INFO - Searching for files in /opt/airflow/dags
[2025-02-15T18:10:35.524+0000] {manager.py:824} INFO - There are 0 files in /opt/airflow/dags
[2025-02-15T18:15:36.235+0000] {manager.py:821} INFO - Searching for files in /opt/airflow/dags
[2025-02-15T18:15:36.258+0000] {manager.py:824} INFO - There are 0 files in /opt/airflow/dags
[2025-02-15T18:20:37.224+0000] {manager.py:821} INFO - Searching for files in /opt/airflow/dags
[2025-02-15T18:20:37.254+0000] {manager.py:824} INFO - There are 0 files in /opt/airflow/dags
[2025-02-15T18:25:37.311+0000] {manager.py:821} INFO - Searching for files in /opt/airflow/dags
[2025-02-15T18:25:37.331+0000] {manager.py:824} INFO - There are 0 files in /opt/airflow/dags
[2025-02-15T18:30:37.471+0000] {manager.py:821} INFO - Searching for files in /opt/airflow/dags
[2025-02-15T18:30:37.501+0000] {manager.py:824} INFO - There are 0 files in /opt/airflow/dags
[2025-02-15T18:35:37.492+0000] {manager.py:821} INFO - Searching for files in /opt/airflow/dags
[2025-02-15T18:35:37.516+0000] {manager.py:824} INFO - There are 0 files in /opt/airflow/dags
[2025-02-17T02:34:49.270+0000] {manager.py:483} INFO - Processing files using up to 2 processes at a time 
[2025-02-17T02:34:49.272+0000] {manager.py:484} INFO - Process each file at most once every 30 seconds
[2025-02-17T02:34:49.274+0000] {manager.py:485} INFO - Checking for new files in /opt/airflow/dags every 300 seconds
[2025-02-17T02:34:49.276+0000] {manager.py:821} INFO - Searching for files in /opt/airflow/dags
[2025-02-17T02:34:49.290+0000] {manager.py:824} INFO - There are 0 files in /opt/airflow/dags
[2025-02-17T02:39:49.941+0000] {manager.py:821} INFO - Searching for files in /opt/airflow/dags
[2025-02-17T02:39:49.954+0000] {manager.py:824} INFO - There are 0 files in /opt/airflow/dags
[2025-02-17T02:44:50.594+0000] {manager.py:821} INFO - Searching for files in /opt/airflow/dags
[2025-02-17T02:44:50.616+0000] {manager.py:824} INFO - There are 0 files in /opt/airflow/dags
[2025-02-17T02:49:51.371+0000] {manager.py:821} INFO - Searching for files in /opt/airflow/dags
[2025-02-17T02:49:51.390+0000] {manager.py:824} INFO - There are 0 files in /opt/airflow/dags
[2025-02-17T02:54:52.098+0000] {manager.py:821} INFO - Searching for files in /opt/airflow/dags
[2025-02-17T02:54:52.111+0000] {manager.py:824} INFO - There are 0 files in /opt/airflow/dags
[2025-02-17T02:59:52.883+0000] {manager.py:821} INFO - Searching for files in /opt/airflow/dags
[2025-02-17T02:59:52.892+0000] {manager.py:824} INFO - There are 0 files in /opt/airflow/dags
[2025-02-17T03:04:04.683+0000] {manager.py:483} INFO - Processing files using up to 2 processes at a time 
[2025-02-17T03:04:04.685+0000] {manager.py:484} INFO - Process each file at most once every 30 seconds
[2025-02-17T03:04:04.687+0000] {manager.py:485} INFO - Checking for new files in /opt/airflow/dags every 300 seconds
[2025-02-17T03:04:04.688+0000] {manager.py:821} INFO - Searching for files in /opt/airflow/dags
[2025-02-17T03:04:04.700+0000] {manager.py:824} INFO - There are 0 files in /opt/airflow/dags
[2025-02-17T03:04:53.778+0000] {manager.py:821} INFO - Searching for files in /opt/airflow/dags
[2025-02-17T03:04:53.825+0000] {manager.py:824} INFO - There are 0 files in /opt/airflow/dags
[2025-02-17T03:09:05.567+0000] {manager.py:821} INFO - Searching for files in /opt/airflow/dags
[2025-02-17T03:09:05.579+0000] {manager.py:824} INFO - There are 0 files in /opt/airflow/dags
[2025-02-17T03:09:53.783+0000] {manager.py:821} INFO - Searching for files in /opt/airflow/dags
[2025-02-17T03:09:53.798+0000] {manager.py:824} INFO - There are 0 files in /opt/airflow/dags
[2025-02-17T03:14:06.216+0000] {manager.py:821} INFO - Searching for files in /opt/airflow/dags
[2025-02-17T03:14:06.239+0000] {manager.py:824} INFO - There are 0 files in /opt/airflow/dags
[2025-02-17T03:14:54.394+0000] {manager.py:821} INFO - Searching for files in /opt/airflow/dags
[2025-02-17T03:14:54.415+0000] {manager.py:824} INFO - There are 0 files in /opt/airflow/dags
[2025-02-17T03:16:40.158+0000] {manager.py:465} INFO - Exiting gracefully upon receiving signal 15
